Hi, this is the Zoo Announcer. The Zookeeper is about to wake up the animals!
WAKING UP THE ANIMALS
Chloe is a Cat
Chloe ran around
Chris is a Cat
Chris slept
Dirk is a Dog
Dirk woke up
Donald is a Dog
Donald woke up
Elen is a Elephant
Elen woke up
Elvis is a Elephant
Elvis woke up
Helen is a Hippo
Helen woke up
Helm is a Hippo
Helm woke up
Liam is a Lion
Liam woke up
Liana is a Lion
Liana woke up
William is a Wolf
William woke up
Willis is a Wolf
Willis woke up
Ringo is a Rhino
Ringo woke up
Richard is a Rhino
 Richard woke up
Tyler is a Tiger
Tyler woke up
Tim is a Tiger
Tim woke up

Hi, this is the Zoo Announcer. The Zookeeper is taking the animals' roll call!
ROLL CALL THE ANIMALS
Chloe is a Cat
Chloe woke up
Chris is a Cat
Chris hissed
Dirk is a Dog
Dirk trotted
Donald is a Dog
Donald trotted
Elen is a Elephant
Elen walked
Elvis is a Elephant
Elvis walked
Helen is a Hippo
Helen walked
Helm is a Hippo
Helm walked
Liam is a Lion
Liam ran around
Liana is a Lion
Liana ran around
William is a Wolf
William trotted
Willis is a Wolf
Willis trotted
Ringo is a Rhino
Ringo walked
Richard is a Rhino
Richard walked
Tyler is a Tiger
Tyler ran around
Tim is a Tiger
Tim ran around

Hi, this is the Zoo Announcer. The Zookeeper is about to feed the animals!
FEEDING THE ANIMALS
Chloe is a Cat
Chloe ran around
Chris is a Cat
Chris hissed
Dirk is Dog
Dirk ate Meat
Donald is Dog
Donald ate Meat
Elenis Elephant
Elen ate grass
Elvisis Elephant
Elvis ate grass
Helenis Hippo
Helen ate grass
Helmis Hippo
Helm ate grass
Liam is Lion
Liam ate Meat
Liana is Lion
Liana ate Meat
William is Wolf
William ate Meat
Willis is Wolf
Willis ate Meat
Ringois Rhino
Ringo ate grass
Richardis Rhino
Richard ate grass
Tyler is Tiger
Tyler ate Meat
Tim is Tiger
Tim ate Meat

Hi, this is the Zoo Announcer. The Zookeeper is about to exercise the animals!
ROLL CALL THE ANIMALS
Chloe is a Cat
Chloe slept
Chris is a Cat
Chris woke up
Dirk is a Dog
Dirk trotted
Donald is a Dog
Donald trotted
Elen is a Elephant
Elen walked
Elvis is a Elephant
Elvis walked
Helen is a Hippo
Helen walked
Helm is a Hippo
Helm walked
Liam is a Lion
Liam ran around
Liana is a Lion
Liana ran around
William is a Wolf
William trotted
Willis is a Wolf
Willis trotted
Ringo is a Rhino
Ringo walked
Richard is a Rhino
Richard walked
Tyler is a Tiger
Tyler ran around
Tim is a Tiger
Tim ran around

Hi, this is the Zoo Announcer. The zookeeper is shutting the zoo down. Goodbye!
SHUTTING THE ZOO
Chloe is Cat
Chloe ate Meat
Chris is a Cat
Chris slept
Dirk is a Dog
Dirk slept
Donald is a Dog
Donald slept
Elen is a Elephant
Elen slept
Elvis is a Elephant
Elvis slept
Helen is a Hippo
Helen slept
Helm is a Hippo
Helm slept
Liam is a Lion
Liam slept
Liana is a Lion
Liana slept
William is a Wolf
William slept
Willis is a Wolf
Willis slept
Ringo is a Rhino
Ringo slept
Richard is a Rhino
Richard slept
Tyler is a Tiger
Tyler slept
Tim is a Tiger
Tim slept