WAKING UP THE ANIMALS
Chloe the Cat
Chloe ate meat
Chris the Cat
Chris woke up
Dirk the Dog
Dirk woke up
Donald the Dog
Donald woke up
Elen the Elephant
Elen woke up
Elvis the Elephant
Elvis woke up
Helen the Hippo
Helen woke up
Helm the Hippo
Helm woke up
Liam the Lion
Liam woke up
Liana the Lion
Liana woke up
William the Wolf
William woke up
Willis the Wolf
Willis woke up
Ringo the Rhino
Ringo woke up
Richard the Rhino
Richard woke up
Tyler the Tiger
Tyler woke up
Tim the Tiger
Tim woke up

ROLL CALL THE ANIMALS
Chloe is a Cat
Chloe hissed
Chris the Cat
Chris slept
Dirk is a Dog
Dirk barked
Donald is a Dog
Donald barked
Elen is a Elephant
Elen trumpeted
Elvis is a Elephant
Elvis trumpeted
Helen is a Hippo
Helen growled
Helm is a Hippo
Helm growled
Liam is a Lion
Liam roared
Liana is a Lion
Liana roared
William is a Wolf
William howled
Willis is a Wolf
Willis howled
Ringo is a Rhino
Ringo bellowed
Richard is a Rhino
Richard bellowed
Tyler is a Tiger
Tyler snarled
Tim is a Tiger
Tim snarled

FEEDING THE ANIMALS
Chloe the Cat
Chloe ate meat
Chris the Cat
Chris ate meat
Dirk the Dog
Dirk ate meat
Donald the Dog
Donald ate meat
Elen is a Elephant
Elen ate grass
Elvis is a Elephant
Elvis ate grass
Helen is a Hippo
Helen ate grass
Helm is a Hippo
Helm ate grass
Liam the Lion
Liam ate meat
Liana the Lion
Liana ate meat
William the Wolf
William ate meat
Willis the Wolf
Willis ate meat
Ringo is a Rhino
Ringo ate grass
Richard is a Rhino
Richard ate grass
Tyler the Tiger
Tyler ate meat
Tim the Tiger
Tim ate meat

EXERCISING THE ANIMALS
Chloe the Cat
Chloe ate meat
Chris is a Cat
Chris ran around
Dirk is a Dog
Dirk trotted
Donald is a Dog
Donald trotted
Elen is a Elephant
Elen walked
Elvis is a Elephant
Elvis walked
Helen is a Hippo
Helen walked
Helm is a Hippo
Helm walked
Liam is a Lion
Liam ran around
Liana is a Lion
Liana ran around
William is a Wolf
William trotted
Willis is a Wolf
Willis trotted
Ringo is a Rhino
Ringo walked
Richard is a Rhino
Richard walked
Tyler is a Tiger
Tyler ran around
Tim is a Tiger
Tim ran around

SHUTTING THE ZOO
Chloe is a Cat
Chloe hissed
Chris the Cat
Chris ate meat
Dirk the Dog
Dirk slept
Donald the Dog
Donald slept
Elen the Elephant
Elen slept
Elvis the Elephant
Elvis slept
Helen the Hippo
Helen slept
Helm the Hippo
Helm slept
Liam the Lion
Liam slept
Liana the Lion
Liana slept
William the Wolf
William slept
Willis the Wolf
Willis slept
Ringo the Rhino
Ringo slept
Richard the Rhino
Richard slept
Tyler the Tiger
Tyler slept
Tim the Tiger
Tim slept
